<component name="libraryTable">
  <library name="junit:junit:3.7" type="repository">
    <properties maven-id="junit:junit:3.7" />
    <CLASSES>
      <root url="jar://$PROJECT_DIR$/../kotlin/ideaSDK/lib/junit-4.10.jar!/" />
    </CLASSES>
    <JAVADOC />
    <SOURCES />
  </library>
</component>